[02-08 21:30:09]: [INFO] Created column 'regdate' and set the current timestamp, 1518143409591, to all 0 rows
[02-08 21:30:09]: [INFO] SQLite Setup finished
[02-08 21:30:09]: [INFO] Hooked into PermissionsEx!
[02-08 21:30:09]: [INFO] Hooked successfully into Essentials
[02-08 21:30:09]: [INFO] Hooked successfully into Multiverse-Core
[02-08 21:30:09]: [INFO] Essentials spawn file not found: '/home/minecraft/multicraft/servers/server1745/plugins/Essentials/spawn.yml'
[02-08 21:30:10]: [INFO] Development builds are available on our jenkins, thanks to f14stelt.
[02-08 21:30:10]: [INFO] Do you want a good game server? Look at our sponsor GameHosting.it leader in Italy as Game Server Provider!
[02-08 21:30:10]: [INFO] AuthMe 5.4.0 build n.1877 correctly enabled!
[02-08 22:29:28]: [FINE] _Gre registered 187.19.0.57
[02-08 22:29:28]: [FINE] _Gre logged in!
[02-08 22:33:16]: [FINE] _Gre logged in!
[02-08 22:41:12]: [FINE] _Gre logged in!
[02-08 22:42:10]: [INFO] AuthMe 5.4.0-b1877 disabled!
[02-08 22:43:05]: [INFO] SQLite Setup finished
[02-08 22:43:05]: [INFO] Hooked into PermissionsEx!
[02-08 22:43:05]: [INFO] [LICENSE] This product uses data from the GeoLite API created by MaxMind, available at http://www.maxmind.com
[02-08 22:43:05]: [INFO] Hooked successfully into Essentials
[02-08 22:43:05]: [INFO] Hooked successfully into Multiverse-Core
[02-08 22:43:05]: [INFO] Essentials spawn file not found: '/home/minecraft/multicraft/servers/server1745/plugins/Essentials/spawn.yml'
[02-08 22:43:05]: [INFO] Development builds are available on our jenkins, thanks to f14stelt.
[02-08 22:43:05]: [INFO] Do you want a good game server? Look at our sponsor GameHosting.it leader in Italy as Game Server Provider!
[02-08 22:43:05]: [INFO] AuthMe 5.4.0 build n.1877 correctly enabled!
[02-08 22:45:24]: [FINE] _Gre logged in!
[02-08 22:49:51]: [FINE] _Gre logged in!
[02-09 11:36:59]: [FINE] _Gre logged in!
[02-09 14:32:52]: [FINE] _Gre logged in!
[02-09 15:01:13]: [FINE] _Gre logged in!
[02-09 18:13:53]: [FINE] _Gre logged in!
[02-09 18:13:58]: [FINE] ChupChup_ registered 179.228.19.118
[02-09 18:13:58]: [FINE] ChupChup_ logged in!
[02-09 22:17:09]: [FINE] _Gre logged in!
[02-10 07:48:41]: [FINE] _Gre logged in!
[02-10 08:16:31]: [FINE] _Gre logged in!
[02-10 08:18:54]: [INFO] AuthMe 5.4.0-b1877 disabled!
[02-10 08:20:06]: [INFO] SQLite Setup finished
[02-10 08:20:06]: [INFO] Not hooking into PermissionsEx because it's disabled!
[02-10 08:20:06]: [INFO] Hooked into Vault!
[02-10 08:20:06]: [INFO] [LICENSE] This product uses data from the GeoLite API created by MaxMind, available at http://www.maxmind.com
[02-10 08:20:06]: [INFO] Hooked successfully into Essentials
[02-10 08:20:06]: [INFO] Hooked successfully into Multiverse-Core
[02-10 08:20:06]: [INFO] Essentials spawn file not found: '/home/minecraft/multicraft/servers/server1745/plugins/Essentials/spawn.yml'
[02-10 08:20:06]: [INFO] Development builds are available on our jenkins, thanks to f14stelt.
[02-10 08:20:06]: [INFO] Do you want a good game server? Look at our sponsor GameHosting.it leader in Italy as Game Server Provider!
[02-10 08:20:06]: [INFO] AuthMe 5.4.0 build n.1877 correctly enabled!
[02-15 18:17:06]: [INFO] SQLite Setup finished
[02-15 18:17:07]: [INFO] Hooked into PermissionsEx!
[02-15 18:17:07]: [INFO] [LICENSE] This product uses data from the GeoLite API created by MaxMind, available at http://www.maxmind.com
[02-15 18:17:07]: [INFO] Hooked successfully into Essentials
[02-15 18:17:07]: [INFO] Hooked successfully into Multiverse-Core
[02-15 18:17:07]: [INFO] Essentials spawn file not found: '/home/minecraft/multicraft/servers/server1745/plugins/Essentials/spawn.yml'
[02-15 18:17:07]: [INFO] Development builds are available on our jenkins, thanks to f14stelt.
[02-15 18:17:07]: [INFO] Do you want a good game server? Look at our sponsor GameHosting.it leader in Italy as Game Server Provider!
[02-15 18:17:07]: [INFO] AuthMe 5.4.0 build n.1877 correctly enabled!
[02-15 18:19:15]: [FINE] _Gre logged in!
[02-15 18:26:44]: [FINE] ZeppelinPvP registered 187.58.236.187
[02-15 18:26:44]: [FINE] ZeppelinPvP logged in!
[02-15 18:50:34]: [FINE] _Gre logged in!
[02-16 06:12:36]: [FINE] Sasuke310 registered 177.195.182.36
[02-16 06:12:36]: [FINE] Sasuke310 logged in!
[02-16 06:16:24]: [FINE] ChupChup_ logged in!
[02-16 09:03:22]: [FINE] _Gre logged in!
[02-16 09:05:19]: [FINE] Sasuke310 logged in!
[02-16 09:24:32]: [INFO] AuthMe 5.4.0-b1877 disabled!
[02-16 09:26:06]: [INFO] SQLite Setup finished
[02-16 09:26:06]: [INFO] Hooked into PermissionsEx!
[02-16 09:26:06]: [INFO] [LICENSE] This product uses data from the GeoLite API created by MaxMind, available at http://www.maxmind.com
[02-16 09:26:06]: [INFO] Hooked successfully into Essentials
[02-16 09:26:06]: [INFO] Hooked successfully into Multiverse-Core
[02-16 09:26:06]: [INFO] Essentials spawn file not found: '/home/minecraft/multicraft/servers/server1745/plugins/Essentials/spawn.yml'
[02-16 09:26:06]: [INFO] Development builds are available on our jenkins, thanks to f14stelt.
[02-16 09:26:06]: [INFO] Do you want a good game server? Look at our sponsor GameHosting.it leader in Italy as Game Server Provider!
[02-16 09:26:06]: [INFO] AuthMe 5.4.0 build n.1877 correctly enabled!
[02-16 09:26:19]: [FINE] _Gre logged in!
[02-16 11:10:49]: [FINE] _Gre logged in!
[02-16 12:51:44]: [FINE] TeneroBR registered 138.204.74.115
[02-16 12:51:44]: [FINE] TeneroBR logged in!
[02-16 13:24:09]: [FINE] TeneroBR logged in!
[02-16 15:10:28]: [FINE] Sasuke310 logged in!
[02-16 15:21:25]: [FINE] Sasuke310 logged in!
[02-16 15:53:35]: [FINE] Sasuke310 logged in!
[02-16 16:08:23]: [FINE] Sasuke310 logged in!
[02-17 11:11:25]: [FINE] _Gre logged in!
[02-17 12:10:32]: [FINE] TeneroBR logged in!
[02-17 12:30:10]: [INFO] AuthMe 5.4.0-b1877 disabled!
[02-17 12:31:06]: [INFO] SQLite Setup finished
[02-17 12:31:06]: [INFO] Hooked into PermissionsEx!
[02-17 12:31:06]: [INFO] Hooked successfully into Essentials
[02-17 12:31:06]: [INFO] Hooked successfully into Multiverse-Core
[02-17 12:31:06]: [INFO] Essentials spawn file not found: '/home/minecraft/multicraft/servers/server1745/plugins/Essentials/spawn.yml'
[02-17 12:31:06]: [INFO] [LICENSE] This product uses data from the GeoLite API created by MaxMind, available at http://www.maxmind.com
[02-17 12:31:06]: [INFO] Development builds are available on our jenkins, thanks to f14stelt.
[02-17 12:31:06]: [INFO] Do you want a good game server? Look at our sponsor GameHosting.it leader in Italy as Game Server Provider!
[02-17 12:31:06]: [INFO] AuthMe 5.4.0 build n.1877 correctly enabled!
[02-17 12:32:11]: [FINE] _Gre logged in!
[02-17 12:34:45]: [INFO] AuthMe 5.4.0-b1877 disabled!
[02-17 12:36:06]: [INFO] SQLite Setup finished
[02-17 12:36:06]: [INFO] Hooked into PermissionsEx!
[02-17 12:36:06]: [INFO] [LICENSE] This product uses data from the GeoLite API created by MaxMind, available at http://www.maxmind.com
[02-17 12:36:06]: [INFO] Hooked successfully into Essentials
[02-17 12:36:06]: [INFO] Hooked successfully into Multiverse-Core
[02-17 12:36:06]: [INFO] Essentials spawn file not found: '/home/minecraft/multicraft/servers/server1745/plugins/Essentials/spawn.yml'
[02-17 12:36:06]: [INFO] Development builds are available on our jenkins, thanks to f14stelt.
[02-17 12:36:06]: [INFO] Do you want a good game server? Look at our sponsor GameHosting.it leader in Italy as Game Server Provider!
[02-17 12:36:06]: [INFO] AuthMe 5.4.0 build n.1877 correctly enabled!
[02-17 12:39:32]: [FINE] _Gre logged in!
[02-17 12:41:23]: [INFO] AuthMe 5.4.0-b1877 disabled!
[02-17 12:42:06]: [INFO] SQLite Setup finished
[02-17 12:42:06]: [INFO] Hooked into PermissionsEx!
[02-17 12:42:06]: [INFO] [LICENSE] This product uses data from the GeoLite API created by MaxMind, available at http://www.maxmind.com
[02-17 12:42:06]: [INFO] Hooked successfully into Essentials
[02-17 12:42:06]: [INFO] Hooked successfully into Multiverse-Core
[02-17 12:42:06]: [INFO] Essentials spawn file not found: '/home/minecraft/multicraft/servers/server1745/plugins/Essentials/spawn.yml'
[02-17 12:42:06]: [INFO] Development builds are available on our jenkins, thanks to f14stelt.
[02-17 12:42:06]: [INFO] Do you want a good game server? Look at our sponsor GameHosting.it leader in Italy as Game Server Provider!
[02-17 12:42:06]: [INFO] AuthMe 5.4.0 build n.1877 correctly enabled!
[02-17 14:22:26]: [FINE] TeneroBR logged in!
[02-17 14:56:31]: [FINE] _Gre logged in!
[02-17 15:15:28]: [INFO] AuthMe 5.4.0-b1877 disabled!
[02-17 15:17:06]: [INFO] SQLite Setup finished
[02-17 15:17:06]: [INFO] Hooked into PermissionsEx!
[02-17 15:17:06]: [INFO] [LICENSE] This product uses data from the GeoLite API created by MaxMind, available at http://www.maxmind.com
[02-17 15:17:06]: [INFO] Hooked successfully into Essentials
[02-17 15:17:06]: [INFO] Hooked successfully into Multiverse-Core
[02-17 15:17:06]: [INFO] Essentials spawn file not found: '/home/minecraft/multicraft/servers/server1745/plugins/Essentials/spawn.yml'
[02-17 15:17:06]: [INFO] Development builds are available on our jenkins, thanks to f14stelt.
[02-17 15:17:06]: [INFO] Do you want a good game server? Look at our sponsor GameHosting.it leader in Italy as Game Server Provider!
[02-17 15:17:06]: [INFO] AuthMe 5.4.0 build n.1877 correctly enabled!
[02-17 15:21:08]: [INFO] AuthMe 5.4.0-b1877 disabled!
[02-17 15:22:06]: [INFO] SQLite Setup finished
[02-17 15:22:06]: [INFO] Hooked into PermissionsEx!
[02-17 15:22:06]: [INFO] Hooked successfully into Essentials
[02-17 15:22:06]: [INFO] Hooked successfully into Multiverse-Core
[02-17 15:22:06]: [INFO] Essentials spawn file not found: '/home/minecraft/multicraft/servers/server1745/plugins/Essentials/spawn.yml'
[02-17 15:22:06]: [INFO] [LICENSE] This product uses data from the GeoLite API created by MaxMind, available at http://www.maxmind.com
[02-17 15:22:06]: [INFO] Development builds are available on our jenkins, thanks to f14stelt.
[02-17 15:22:06]: [INFO] Do you want a good game server? Look at our sponsor GameHosting.it leader in Italy as Game Server Provider!
[02-17 15:22:06]: [INFO] AuthMe 5.4.0 build n.1877 correctly enabled!
[02-17 15:30:51]: [FINE] _Gre logged in!
[02-18 10:18:47]: [FINE] ChupChup_ used the wrong password
[02-18 10:18:58]: [FINE] ChupChup_ logged in!
[02-18 10:53:04]: [FINE] ChupChup_ logged in!
[02-18 11:44:06]: [FINE] _Gre logged in!
[02-18 11:47:47]: [INFO] AuthMe 5.4.0-b1877 disabled!
[02-18 11:49:09]: [INFO] SQLite Setup finished
[02-18 11:49:10]: [INFO] Hooked into PermissionsEx!
[02-18 11:49:10]: [INFO] Hooked successfully into Essentials
[02-18 11:49:10]: [INFO] Hooked successfully into Multiverse-Core
[02-18 11:49:10]: [INFO] Essentials spawn file not found: '/home/minecraft/multicraft/servers/server1745/plugins/Essentials/spawn.yml'
[02-18 11:49:10]: [INFO] [LICENSE] This product uses data from the GeoLite API created by MaxMind, available at http://www.maxmind.com
[02-18 11:49:10]: [INFO] Development builds are available on our jenkins, thanks to f14stelt.
[02-18 11:49:10]: [INFO] Do you want a good game server? Look at our sponsor GameHosting.it leader in Italy as Game Server Provider!
[02-18 11:49:10]: [INFO] AuthMe 5.4.0 build n.1877 correctly enabled!
[02-18 11:52:21]: [FINE] _Gre logged in!
[02-18 12:16:34]: [INFO] AuthMe 5.4.0-b1877 disabled!
[02-18 12:18:06]: [INFO] SQLite Setup finished
[02-18 12:18:06]: [INFO] Hooked into PermissionsEx!
[02-18 12:18:06]: [INFO] [LICENSE] This product uses data from the GeoLite API created by MaxMind, available at http://www.maxmind.com
[02-18 12:18:06]: [INFO] Hooked successfully into Essentials
[02-18 12:18:06]: [INFO] Hooked successfully into Multiverse-Core
[02-18 12:18:06]: [INFO] Essentials spawn file not found: '/home/minecraft/multicraft/servers/server1745/plugins/Essentials/spawn.yml'
[02-18 12:18:07]: [INFO] Development builds are available on our jenkins, thanks to f14stelt.
[02-18 12:18:07]: [INFO] Do you want a good game server? Look at our sponsor GameHosting.it leader in Italy as Game Server Provider!
[02-18 12:18:07]: [INFO] AuthMe 5.4.0 build n.1877 correctly enabled!
[02-18 12:18:38]: [FINE] _Gre logged in!
[02-18 17:19:26]: [FINE] _Gre logged in!
[02-18 17:36:45]: [FINE] _Gre logged in!
[02-18 17:39:32]: [INFO] AuthMe 5.4.0-b1877 disabled!
[02-18 17:43:06]: [INFO] SQLite Setup finished
[02-18 17:43:06]: [INFO] Hooked into PermissionsEx!
[02-18 17:43:06]: [INFO] Hooked successfully into Essentials
[02-18 17:43:06]: [INFO] Hooked successfully into Multiverse-Core
[02-18 17:43:06]: [INFO] Essentials spawn file not found: '/home/minecraft/multicraft/servers/server1745/plugins/Essentials/spawn.yml'
[02-18 17:43:06]: [INFO] [LICENSE] This product uses data from the GeoLite API created by MaxMind, available at http://www.maxmind.com
[02-18 17:43:07]: [INFO] Development builds are available on our jenkins, thanks to f14stelt.
[02-18 17:43:07]: [INFO] Do you want a good game server? Look at our sponsor GameHosting.it leader in Italy as Game Server Provider!
[02-18 17:43:07]: [INFO] AuthMe 5.4.0 build n.1877 correctly enabled!
[02-18 17:45:36]: [FINE] _Gre logged in!
[02-18 17:47:33]: [FINE] Sasuke310 logged in!
[02-18 17:49:57]: [FINE] akumaBD registered 191.254.93.6
[02-18 17:49:57]: [FINE] akumaBD logged in!
[02-18 17:51:57]: [FINE] Sasuke310 logged in!
[02-18 17:52:40]: [FINE] arrebatador registered 187.182.221.189
[02-18 17:52:40]: [FINE] arrebatador logged in!
[02-18 18:44:49]: [INFO] AuthMe 5.4.0-b1877 disabled!
[02-18 18:46:06]: [INFO] SQLite Setup finished
[02-18 18:46:06]: [INFO] Hooked into PermissionsEx!
[02-18 18:46:06]: [INFO] [LICENSE] This product uses data from the GeoLite API created by MaxMind, available at http://www.maxmind.com
[02-18 18:46:06]: [INFO] Hooked successfully into Essentials
[02-18 18:46:06]: [INFO] Hooked successfully into Multiverse-Core
[02-18 18:46:06]: [INFO] Essentials spawn file not found: '/home/minecraft/multicraft/servers/server1745/plugins/Essentials/spawn.yml'
[02-18 18:46:06]: [INFO] Development builds are available on our jenkins, thanks to f14stelt.
[02-18 18:46:06]: [INFO] Do you want a good game server? Look at our sponsor GameHosting.it leader in Italy as Game Server Provider!
[02-18 18:46:06]: [INFO] AuthMe 5.4.0 build n.1877 correctly enabled!
[02-18 18:48:07]: [FINE] _Gre logged in!
[02-18 19:00:55]: [FINE] Sasuke310 logged in!
[02-19 05:03:36]: [FINE] _Gre logged in!
[02-19 05:43:47]: [FINE] ChupChup_ logged in!
[02-19 06:14:19]: [FINE] ChupChup_ logged in!
[02-19 06:30:47]: [FINE] ChupChup_ logged in!
[02-19 06:33:43]: [FINE] TeneroBR logged in!
[02-19 09:16:49]: [FINE] Sasuke310 logged in!
[02-19 10:52:29]: [FINE] Sasuke310 logged in!
[02-19 12:00:23]: [FINE] Sasuke310 logged in!
[02-19 13:13:07]: [FINE] Sasuke310 logged in!
[02-19 14:20:52]: [FINE] TeneroBR logged in!
[02-19 18:45:26]: [FINE] ChupChup_ used the wrong password
[02-19 18:45:39]: [FINE] ChupChup_ logged in!
[02-19 18:48:50]: [FINE] ChupChup_ logged in!
[02-19 18:56:15]: [INFO] AuthMe 5.4.0-b1877 disabled!
[02-19 18:57:10]: [INFO] SQLite Setup finished
[02-19 18:57:10]: [INFO] Hooked into PermissionsEx!
[02-19 18:57:10]: [INFO] [LICENSE] This product uses data from the GeoLite API created by MaxMind, available at http://www.maxmind.com
[02-19 18:57:10]: [INFO] Hooked successfully into Essentials
[02-19 18:57:10]: [INFO] Hooked successfully into Multiverse-Core
[02-19 18:57:10]: [INFO] Essentials spawn file not found: '/home/minecraft/multicraft/servers/server1745/plugins/Essentials/spawn.yml'
[02-19 18:57:10]: [INFO] Development builds are available on our jenkins, thanks to f14stelt.
[02-19 18:57:10]: [INFO] Do you want a good game server? Look at our sponsor GameHosting.it leader in Italy as Game Server Provider!
[02-19 18:57:10]: [INFO] AuthMe 5.4.0 build n.1877 correctly enabled!
[02-19 18:57:18]: [INFO] AuthMe 5.4.0-b1877 disabled!
[02-19 18:58:07]: [INFO] SQLite Setup finished
[02-19 18:58:07]: [INFO] Hooked into PermissionsEx!
[02-19 18:58:07]: [INFO] [LICENSE] This product uses data from the GeoLite API created by MaxMind, available at http://www.maxmind.com
[02-19 18:58:07]: [INFO] Hooked successfully into Essentials
[02-19 18:58:07]: [INFO] Hooked successfully into Multiverse-Core
[02-19 18:58:07]: [INFO] Essentials spawn file not found: '/home/minecraft/multicraft/servers/server1745/plugins/Essentials/spawn.yml'
[02-19 18:58:08]: [INFO] Development builds are available on our jenkins, thanks to f14stelt.
[02-19 18:58:08]: [INFO] Do you want a good game server? Look at our sponsor GameHosting.it leader in Italy as Game Server Provider!
[02-19 18:58:08]: [INFO] AuthMe 5.4.0 build n.1877 correctly enabled!
[02-19 18:58:20]: [FINE] ChupChup_ logged in!
[02-19 19:03:58]: [FINE] _Gre logged in!
[02-19 21:10:43]: [INFO] AuthMe 5.4.0-b1877 disabled!
[02-19 21:12:07]: [INFO] SQLite Setup finished
[02-19 21:12:07]: [INFO] Hooked into PermissionsEx!
[02-19 21:12:07]: [INFO] Hooked successfully into Essentials
[02-19 21:12:07]: [INFO] Hooked successfully into Multiverse-Core
[02-19 21:12:07]: [INFO] Essentials spawn file not found: '/home/minecraft/multicraft/servers/server1745/plugins/Essentials/spawn.yml'
[02-19 21:12:07]: [INFO] [LICENSE] This product uses data from the GeoLite API created by MaxMind, available at http://www.maxmind.com
[02-19 21:12:08]: [INFO] Development builds are available on our jenkins, thanks to f14stelt.
[02-19 21:12:08]: [INFO] Do you want a good game server? Look at our sponsor GameHosting.it leader in Italy as Game Server Provider!
[02-19 21:12:08]: [INFO] AuthMe 5.4.0 build n.1877 correctly enabled!
[02-19 21:13:05]: [FINE] _Gre logged in!
[02-19 21:19:52]: [INFO] AuthMe 5.4.0-b1877 disabled!
[02-19 21:21:07]: [INFO] SQLite Setup finished
[02-19 21:21:07]: [INFO] Hooked into PermissionsEx!
[02-19 21:21:07]: [INFO] [LICENSE] This product uses data from the GeoLite API created by MaxMind, available at http://www.maxmind.com
[02-19 21:21:07]: [INFO] Hooked successfully into Essentials
[02-19 21:21:07]: [INFO] Hooked successfully into Multiverse-Core
[02-19 21:21:07]: [INFO] Essentials spawn file not found: '/home/minecraft/multicraft/servers/server1745/plugins/Essentials/spawn.yml'
[02-19 21:21:08]: [INFO] Development builds are available on our jenkins, thanks to f14stelt.
[02-19 21:21:08]: [INFO] Do you want a good game server? Look at our sponsor GameHosting.it leader in Italy as Game Server Provider!
[02-19 21:21:08]: [INFO] AuthMe 5.4.0 build n.1877 correctly enabled!
[02-19 21:21:45]: [FINE] _Gre logged in!
[02-19 21:29:45]: [INFO] AuthMe 5.4.0-b1877 disabled!
[02-19 21:31:07]: [INFO] SQLite Setup finished
[02-19 21:31:07]: [INFO] Hooked into PermissionsEx!
[02-19 21:31:07]: [INFO] [LICENSE] This product uses data from the GeoLite API created by MaxMind, available at http://www.maxmind.com
[02-19 21:31:07]: [INFO] Hooked successfully into Essentials
[02-19 21:31:07]: [INFO] Hooked successfully into Multiverse-Core
[02-19 21:31:07]: [INFO] Essentials spawn file not found: '/home/minecraft/multicraft/servers/server1745/plugins/Essentials/spawn.yml'
[02-19 21:31:07]: [INFO] Development builds are available on our jenkins, thanks to f14stelt.
[02-19 21:31:07]: [INFO] Do you want a good game server? Look at our sponsor GameHosting.it leader in Italy as Game Server Provider!
[02-19 21:31:07]: [INFO] AuthMe 5.4.0 build n.1877 correctly enabled!
[02-19 21:31:14]: [FINE] _Gre logged in!
[02-20 08:09:07]: [FINE] ChupChup_ logged in!
[02-20 08:16:42]: [FINE] ChupChup_ logged in!
[02-20 09:42:01]: [FINE] Sasuke310 logged in!
[02-20 10:24:51]: [FINE] Sasuke310 logged in!
